Start testing: May 06 15:25 UTC
----------------------------------------------------------
1/1 Testing: all_sorts
1/1 Test: all_sorts
Command: "/home/pcsdocker/Data/Esercitazioni-PCS-2026/esercitazione5/build_release/test_all"
Directory: /home/pcsdocker/Data/Esercitazioni-PCS-2026/esercitazione5/build_release
"all_sorts" start time: May 06 15:25 UTC
Output:
----------------------------------------------------------
<end of output>
Test time =   0.00 sec
----------------------------------------------------------
Test Passed.
"all_sorts" end time: May 06 15:25 UTC
"all_sorts" time elapsed: 00:00:00
----------------------------------------------------------

End testing: May 06 15:25 UTC
